

*******************************************************************************
Fri Aug  2 11:48:10 2013


FIT:    data read from "crossing.dat" u 1:3
        format = x:z
        #datapoints = 10
        residuals are weighted equally (unit weight)

function used for fitting: f(x)
fitted parameters initialized with current variable values



 Iteration 0
 WSSR        : 2737.27           delta(WSSR)/WSSR   : 0
 delta(WSSR) : 0                 limit for stopping : 1e-05
 lambda	  : 1.02887

initial set of free parameter values

A               = 1000
k               = 12.5

After 250 iterations the fit converged.
final sum of squares of residuals : 23.6912
rel. change during last iteration : -6.01279e-06

degrees of freedom    (FIT_NDF)                        : 8
rms of residuals      (FIT_STDFIT) = sqrt(WSSR/ndf)    : 1.72087
variance of residuals (reduced chisquare) = WSSR/ndf   : 2.9614

Final set of parameters            Asymptotic Standard Error
=======================            ==========================

A               = 964251           +/- 5.71e+05     (59.22%)
k               = 24.7056          +/- 1.444        (5.843%)


correlation matrix of the fit parameters:

               A      k      
A               1.000 
k               0.999  1.000 
